Watching for file changes with StatReloader
/mnt/c/Github/Django 3- Resources/Code/1- Getting Started/Start/storefront3/storefront/settings.py changed, reloading.
Watching for file changes with StatReloader
2022-08-15 10:56:20,316 (INFO) - django.utils.autoreload - Watching for file changes with StatReloader
2022-08-15 10:57:22,878 (WARNING) - django.request - Unauthorized: /store/collections/
2022-08-15 10:57:22,909 (WARNING) - django.request - Forbidden: /store/collections/
2022-08-15 10:57:22,936 (WARNING) - django.request - Bad Request: /store/collections/
2022-08-15 10:59:50,673 (INFO) - django.utils.autoreload - /mnt/c/Github/Django 3- Resources/Code/1- Getting Started/Start/storefront3/storefront/settings/common.py changed, reloading.
2022-08-15 10:59:51,429 (INFO) - django.utils.autoreload - Watching for file changes with StatReloader
2022-08-15 10:59:53,419 (INFO) - django.utils.autoreload - /mnt/c/Github/Django 3- Resources/Code/1- Getting Started/Start/storefront3/storefront/settings/common.py changed, reloading.
2022-08-15 10:59:54,190 (INFO) - django.utils.autoreload - Watching for file changes with StatReloader
2022-08-15 11:00:17,648 (WARNING) - django.request - Unauthorized: /store/collections/
2022-08-15 11:00:17,822 (WARNING) - django.request - Forbidden: /store/collections/
2022-08-15 11:00:18,010 (WARNING) - django.request - Bad Request: /store/collections/
2022-08-16 07:50:21,483 (INFO) - django.utils.autoreload - Watching for file changes with StatReloader
2022-08-16 09:39:36,750 (INFO) - django.utils.autoreload - /home/knysnawebdev/.local/share/virtualenvs/storefront3-K4IzI1at/lib/python3.10/site-packages/rest_framework/fields.py changed, reloading.
2022-08-16 09:39:37,956 (INFO) - django.utils.autoreload - Watching for file changes with StatReloader
2022-08-17 10:33:29,202 (INFO) - django.utils.autoreload - Watching for file changes with StatReloader
2022-08-17 10:33:57,561 (INFO) - django.utils.autoreload - /mnt/c/Github/Django 3- Resources/Code/1- Getting Started/Start/storefront3/storefront/settings/dev.py changed, reloading.
2022-08-17 10:33:58,377 (INFO) - django.utils.autoreload - Watching for file changes with StatReloader
2022-08-17 10:42:23,008 (INFO) - django.utils.autoreload - Watching for file changes with StatReloader
2022-08-17 13:49:22,504 (INFO) - django.utils.autoreload - Watching for file changes with StatReloader
2022-08-17 13:50:37,582 (INFO) - django.utils.autoreload - /mnt/c/Github/Django 3- Resources/Code/1- Getting Started/Start/storefront3/storefront/settings/dev.py changed, reloading.
2022-08-17 13:50:38,336 (INFO) - django.utils.autoreload - Watching for file changes with StatReloader
2022-08-17 13:52:38,519 (INFO) - django.utils.autoreload - /mnt/c/Github/Django 3- Resources/Code/1- Getting Started/Start/storefront3/storefront/settings/dev.py changed, reloading.
2022-08-17 13:52:39,302 (INFO) - django.utils.autoreload - Watching for file changes with StatReloader
2022-08-17 13:52:41,278 (INFO) - django.utils.autoreload - /mnt/c/Github/Django 3- Resources/Code/1- Getting Started/Start/storefront3/storefront/settings/dev.py changed, reloading.
2022-08-17 13:52:42,088 (INFO) - django.utils.autoreload - Watching for file changes with StatReloader
2022-08-17 13:55:08,901 (INFO) - django.utils.autoreload - /mnt/c/Github/Django 3- Resources/Code/1- Getting Started/Start/storefront3/storefront/settings/common.py changed, reloading.
2022-08-17 13:55:09,696 (INFO) - django.utils.autoreload - Watching for file changes with StatReloader
2022-08-17 14:00:55,980 (INFO) - django.utils.autoreload - /home/knysnawebdev/.local/share/virtualenvs/storefront3-K4IzI1at/lib/python3.10/site-packages/MySQLdb/converters.py changed, reloading.
2022-08-17 14:00:56,845 (INFO) - django.utils.autoreload - Watching for file changes with StatReloader
2022-08-17 14:04:48,795 (INFO) - django.utils.autoreload - /mnt/c/Github/Django 3- Resources/Code/1- Getting Started/Start/storefront3/storefront/settings/dev.py changed, reloading.
2022-08-17 14:04:49,582 (INFO) - django.utils.autoreload - Watching for file changes with StatReloader
2022-08-17 14:04:51,569 (INFO) - django.utils.autoreload - /mnt/c/Github/Django 3- Resources/Code/1- Getting Started/Start/storefront3/storefront/settings/dev.py changed, reloading.
2022-08-17 14:04:52,369 (INFO) - django.utils.autoreload - Watching for file changes with StatReloader
2022-08-17 14:05:06,227 (INFO) - django.utils.autoreload - Watching for file changes with StatReloader
2022-08-17 14:06:26,682 (INFO) - django.utils.autoreload - Watching for file changes with StatReloader
2022-08-17 14:06:44,550 (INFO) - django.utils.autoreload - /mnt/c/Github/Django 3- Resources/Code/1- Getting Started/Start/storefront3/storefront/settings/dev.py changed, reloading.
2022-08-17 14:06:45,362 (INFO) - django.utils.autoreload - Watching for file changes with StatReloader
2022-08-17 14:07:01,713 (INFO) - django.utils.autoreload - Watching for file changes with StatReloader
2022-08-17 14:08:45,875 (INFO) - django.utils.autoreload - /mnt/c/Github/Django 3- Resources/Code/1- Getting Started/Start/storefront3/storefront/settings/dev.py changed, reloading.
2022-08-17 14:09:01,213 (INFO) - django.utils.autoreload - Watching for file changes with StatReloader
2022-08-17 14:11:35,073 (INFO) - django.utils.autoreload - /mnt/c/Github/Django 3- Resources/Code/1- Getting Started/Start/storefront3/storefront/settings/dev.py changed, reloading.
2022-08-17 14:11:35,995 (INFO) - django.utils.autoreload - Watching for file changes with StatReloader
2022-08-17 14:14:41,563 (INFO) - django.utils.autoreload - Watching for file changes with StatReloader
2022-08-17 14:15:07,365 (INFO) - django.utils.autoreload - Watching for file changes with StatReloader
2022-08-17 14:16:30,101 (INFO) - django.utils.autoreload - /mnt/c/Github/Django 3- Resources/Code/1- Getting Started/Start/storefront3/storefront/settings/dev.py changed, reloading.
2022-08-17 14:16:30,936 (INFO) - django.utils.autoreload - Watching for file changes with StatReloader
2022-08-17 14:16:32,922 (INFO) - django.utils.autoreload - /mnt/c/Github/Django 3- Resources/Code/1- Getting Started/Start/storefront3/storefront/settings/dev.py changed, reloading.
2022-08-17 14:16:33,693 (INFO) - django.utils.autoreload - Watching for file changes with StatReloader
